Rendering to 1024x1024 image
Loaded scene with 10000 circles
Loaded scene with 10000 circles
---------------------------------------------------------
Initializing CUDA for CudaRenderer
Found 1 CUDA devices
Device 0: NVIDIA GeForce RTX 4060 Laptop GPU
   SMs:        24
   Global mem: 8188 MB
   CUDA Cap:   8.9
---------------------------------------------------------

Running benchmark, 1 frames, beginning at frame 0 ...
Dumping frames to logs/output_xxx.ppm
Copying image data from device
Wrote image file logs/output_0000.ppm
Copying image data from device
Mismatch detected at pixel [421][890], value = 0.362666, expected 0.476206 for color Red
***************** Correctness check passed **************************
Clear:    4.1149 ms
Advance:  0.0005 ms
Render:   49.1760 ms
Total:    53.2913 ms
File IO:  47.3039 ms

Overall:  0.3060 sec (note units are seconds)
