Rendering to 1024x1024 image
Loaded scene with 1217 circles
Loaded scene with 1217 circles
---------------------------------------------------------
Initializing CUDA for CudaRenderer
Found 1 CUDA devices
Device 0: NVIDIA GeForce RTX 4060 Laptop GPU
   SMs:        24
   Global mem: 8188 MB
   CUDA Cap:   8.9
---------------------------------------------------------

Running benchmark, 1 frames, beginning at frame 0 ...
Dumping frames to logs/output_xxx.ppm
Copying image data from device
Wrote image file logs/output_0000.ppm
Copying image data from device
***************** Correctness check passed **************************
Clear:    3.8820 ms
Advance:  0.0004 ms
Render:   4.3657 ms
Total:    8.2481 ms
File IO:  47.1420 ms

Overall:  0.0687 sec (note units are seconds)
