Rendering to 1024x1024 image
Loaded scene with 2000000 circles
---------------------------------------------------------
Initializing CUDA for CudaRenderer
Found 1 CUDA devices
Device 0: NVIDIA GeForce RTX 4060 Laptop GPU
   SMs:        24
   Global mem: 8188 MB
   CUDA Cap:   8.9
---------------------------------------------------------
WARNING: You're not running on a fast GPU, please consider using NVIDIA GTX 480, 670 or 780.
---------------------------------------------------------

Running benchmark, 4 frames, beginning at frame 0 ...
Dumping frames to logs/output_xxx.ppm
Copying image data from device
Wrote image file logs/output_0000.ppm
Copying image data from device
Wrote image file logs/output_0001.ppm
Copying image data from device
Wrote image file logs/output_0002.ppm
Copying image data from device
Wrote image file logs/output_0003.ppm
Clear:    2.2551 ms
Advance:  0.0005 ms
Render:   266.6813 ms
Total:    268.9368 ms
File IO:  44.8272 ms

Overall:  1.2551 sec (note units are seconds)
